<?xml version="1.0" encoding="UTF-8"?>
<testng-results skipped="0" failed="0" ignored="0" total="1" passed="1">
  <reporter-output>
  </reporter-output>
  <suite name="TestNG" duration-ms="52" started-at="2018-11-16T00:10:30Z" finished-at="2018-11-16T00:10:30Z">
    <groups>
    </groups>
    <test name="Test" duration-ms="52" started-at="2018-11-16T00:10:30Z" finished-at="2018-11-16T00:10:30Z">
      <class name="testNG.NewTest">
        <test-method status="PASS" signature="beforeTest()[pri:0, instance:testNG.NewTest@6f195bc3]" name="beforeTest" is-config="true" duration-ms="12" started-at="2018-11-16T00:10:30Z" finished-at="2018-11-16T00:10:30Z">
          <reporter-output>
          </reporter-output>
        </test-method> <!-- beforeTest -->
        <test-method status="PASS" signature="beforeClass()[pri:0, instance:testNG.NewTest@6f195bc3]" name="beforeClass" is-config="true" duration-ms="0" started-at="2018-11-16T00:10:30Z" finished-at="2018-11-16T00:10:30Z">
          <reporter-output>
          </reporter-output>
        </test-method> <!-- beforeClass -->
        <test-method status="PASS" signature="f()[pri:0, instance:testNG.NewTest@6f195bc3]" name="f" duration-ms="8" started-at="2018-11-16T00:10:30Z" finished-at="2018-11-16T00:10:30Z">
          <reporter-output>
          </reporter-output>
        </test-method> <!-- f -->
        <test-method status="PASS" signature="afterClass()[pri:0, instance:testNG.NewTest@6f195bc3]" name="afterClass" is-config="true" duration-ms="1" started-at="2018-11-16T00:10:30Z" finished-at="2018-11-16T00:10:30Z">
          <reporter-output>
          </reporter-output>
        </test-method> <!-- afterClass -->
        <test-method status="PASS" signature="afterTest()[pri:0, instance:testNG.NewTest@6f195bc3]" name="afterTest" is-config="true" duration-ms="1" started-at="2018-11-16T00:10:30Z" finished-at="2018-11-16T00:10:30Z">
          <reporter-output>
          </reporter-output>
        </test-method> <!-- afterTest -->
      </class> <!-- testNG.NewTest -->
    </test> <!-- Test -->
  </suite> <!-- TestNG -->
</testng-results>
